<?xml version="1.0" encoding="UTF-8"?>
<robot generator="Robot 5.0.1 (Python 3.10.5 on win32)" generated="20220711 22:28:02.416" rpa="false" schemaversion="3">
<suite id="s1" name="Checkbox" source="c:\qaninja\robot\web\checkbox.robot">
<test id="s1-t1" name="Marcando opção com Id" line="8">
<kw name="Open Browser" library="SeleniumLibrary">
<arg>${url}</arg>
<arg>chrome</arg>
<doc>Opens a new browser instance to the optional ``url``.</doc>
<msg timestamp="20220711 22:28:02.718" level="INFO">Opening browser 'chrome' to base url 'https://training-wheels-protocol.herokuapp.com'.</msg>
<status status="PASS" starttime="20220711 22:28:02.718" endtime="20220711 22:28:08.305"/>
</kw>
<kw name="Go To" library="SeleniumLibrary">
<arg>${url}/checkboxes</arg>
<doc>Navigates the current browser window to the provided ``url``.</doc>
<msg timestamp="20220711 22:28:08.348" level="INFO">Opening url 'https://training-wheels-protocol.herokuapp.com/checkboxes'</msg>
<status status="PASS" starttime="20220711 22:28:08.348" endtime="20220711 22:28:08.667"/>
</kw>
<kw name="Select Checkbox" library="SeleniumLibrary">
<arg>id:thor</arg>
<doc>Selects the checkbox identified by ``locator``.</doc>
<msg timestamp="20220711 22:28:08.668" level="INFO">Selecting checkbox 'id:thor'.</msg>
<status status="PASS" starttime="20220711 22:28:08.667" endtime="20220711 22:28:08.882"/>
</kw>
<kw name="Checkbox Should Be Selected" library="SeleniumLibrary">
<arg>id:thor</arg>
<doc>Verifies checkbox ``locator`` is selected/checked.</doc>
<msg timestamp="20220711 22:28:08.886" level="INFO">Verifying checkbox 'id:thor' is selected.</msg>
<status status="PASS" starttime="20220711 22:28:08.885" endtime="20220711 22:28:08.922"/>
</kw>
<kw name="Close Browser" library="SeleniumLibrary">
<doc>Closes the current browser.</doc>
<status status="PASS" starttime="20220711 22:28:08.923" endtime="20220711 22:28:11.351"/>
</kw>
<status status="PASS" starttime="20220711 22:28:02.717" endtime="20220711 22:28:11.351"/>
</test>
<test id="s1-t2" name="Marcando opção com CSS Selector" line="15">
<kw name="Open Browser" library="SeleniumLibrary">
<arg>${url}</arg>
<arg>chrome</arg>
<doc>Opens a new browser instance to the optional ``url``.</doc>
<msg timestamp="20220711 22:28:11.354" level="INFO">Opening browser 'chrome' to base url 'https://training-wheels-protocol.herokuapp.com'.</msg>
<status status="PASS" starttime="20220711 22:28:11.354" endtime="20220711 22:28:17.475"/>
</kw>
<kw name="Go To" library="SeleniumLibrary">
<arg>${url}/checkboxes</arg>
<doc>Navigates the current browser window to the provided ``url``.</doc>
<msg timestamp="20220711 22:28:17.478" level="INFO">Opening url 'https://training-wheels-protocol.herokuapp.com/checkboxes'</msg>
<status status="PASS" starttime="20220711 22:28:17.476" endtime="20220711 22:28:17.808"/>
</kw>
<kw name="Select Checkbox" library="SeleniumLibrary">
<arg>css:input[value='iron-man']</arg>
<doc>Selects the checkbox identified by ``locator``.</doc>
<msg timestamp="20220711 22:28:17.817" level="INFO">Selecting checkbox 'css:input[value='iron-man']'.</msg>
<status status="PASS" starttime="20220711 22:28:17.816" endtime="20220711 22:28:18.038"/>
</kw>
<kw name="Checkbox Should Be Selected" library="SeleniumLibrary">
<arg>css:input[value='iron-man']</arg>
<doc>Verifies checkbox ``locator`` is selected/checked.</doc>
<msg timestamp="20220711 22:28:18.039" level="INFO">Verifying checkbox 'css:input[value='iron-man']' is selected.</msg>
<status status="PASS" starttime="20220711 22:28:18.039" endtime="20220711 22:28:18.070"/>
</kw>
<kw name="Close Browser" library="SeleniumLibrary">
<doc>Closes the current browser.</doc>
<status status="PASS" starttime="20220711 22:28:18.070" endtime="20220711 22:28:20.311"/>
</kw>
<status status="PASS" starttime="20220711 22:28:11.353" endtime="20220711 22:28:20.315"/>
</test>
<status status="PASS" starttime="20220711 22:28:02.418" endtime="20220711 22:28:20.317"/>
</suite>
<statistics>
<total>
<stat pass="2" fail="0" skip="0">All Tests</stat>
</total>
<tag>
</tag>
<suite>
<stat pass="2" fail="0" skip="0" id="s1" name="Checkbox">Checkbox</stat>
</suite>
</statistics>
<errors>
</errors>
</robot>
