<?xml version="1.0" encoding="UTF-8"?>
<testsuite name="rspec" tests="20" skipped="0" failures="0" errors="0" time="0.020118" timestamp="2021-09-25T18:07:50-03:00" hostname="DESKTOP-35V35RE">
<properties>
<property name="seed" value="21468"/>
</properties>
<testcase classname="spec.avengers_spec" name="AvengersHeadQuarter deve adicionar um vingador" file="./spec/avengers_spec.rb" time="0.003502"></testcase>
<testcase classname="spec.avengers_spec" name="AvengersHeadQuarter deve adicionar uma lista de vingadores" file="./spec/avengers_spec.rb" time="0.002779"></testcase>
<testcase classname="spec.avengers_spec" name="AvengersHeadQuarter thor deve ser o primeiro da lista" file="./spec/avengers_spec.rb" time="0.001385"></testcase>
<testcase classname="spec.avengers_spec" name="AvengersHeadQuarter Iron man deve ser o ultimo da lista" file="./spec/avengers_spec.rb" time="0.000079"></testcase>
<testcase classname="spec.avengers_spec" name="AvengersHeadQuarter deve conter o sobrenome" file="./spec/avengers_spec.rb" time="0.001430"></testcase>
<testcase classname="spec.bank.saque_cc_spec" name="ContaCorrente Saque quando o valor é positivo entao atualizar saldo" file="./spec/bank/saque_cc_spec.rb" time="0.004175"></testcase>
<testcase classname="spec.bank.saque_cc_spec" name="ContaCorrente quando o saldo é zero então exibe mensagem" file="./spec/bank/saque_cc_spec.rb" time="0.000111"></testcase>
<testcase classname="spec.bank.saque_cc_spec" name="ContaCorrente quando o saldo é zero e o saldo final com zeros" file="./spec/bank/saque_cc_spec.rb" time="0.000090"></testcase>
<testcase classname="spec.bank.saque_cc_spec" name="ContaCorrente quando o saldo é insuficiente então exibe mensagem" file="./spec/bank/saque_cc_spec.rb" time="0.000053"></testcase>
<testcase classname="spec.bank.saque_cc_spec" name="ContaCorrente quando o saldo é insuficiente e o saldo permanece" file="./spec/bank/saque_cc_spec.rb" time="0.000089"></testcase>
<testcase classname="spec.bank.saque_cc_spec" name="ContaCorrente quando supera o limite de saque então exibe mensagem" file="./spec/bank/saque_cc_spec.rb" time="0.000054"></testcase>
<testcase classname="spec.bank.saque_cc_spec" name="ContaCorrente quando supera o limite de saque e o saldo permanece" file="./spec/bank/saque_cc_spec.rb" time="0.000049"></testcase>
<testcase classname="spec.bank.saque_cp_spec" name="ContaPoupanca Saque quando o valor é positivo entao atualizar saldo" file="./spec/bank/saque_cp_spec.rb" time="0.000057"></testcase>
<testcase classname="spec.bank.saque_cp_spec" name="ContaPoupanca quando o saldo é zero então exibe mensagem" file="./spec/bank/saque_cp_spec.rb" time="0.000053"></testcase>
<testcase classname="spec.bank.saque_cp_spec" name="ContaPoupanca quando o saldo é zero e o saldo final com zeros" file="./spec/bank/saque_cp_spec.rb" time="0.000049"></testcase>
<testcase classname="spec.bank.saque_cp_spec" name="ContaPoupanca quando o saldo é insuficiente então exibe mensagem" file="./spec/bank/saque_cp_spec.rb" time="0.000078"></testcase>
<testcase classname="spec.bank.saque_cp_spec" name="ContaPoupanca quando o saldo é insuficiente e o saldo permanece" file="./spec/bank/saque_cp_spec.rb" time="0.000049"></testcase>
<testcase classname="spec.bank.saque_cp_spec" name="ContaPoupanca quando supera o limite de saque então exibe mensagem" file="./spec/bank/saque_cp_spec.rb" time="0.000052"></testcase>
<testcase classname="spec.bank.saque_cp_spec" name="ContaPoupanca quando supera o limite de saque e o saldo permanece" file="./spec/bank/saque_cp_spec.rb" time="0.000061"></testcase>
<testcase classname="spec.exemplos_spec" name="suite rspec soma de valores" file="./spec/exemplos_spec.rb" time="0.000049"></testcase>
</testsuite>
