<?xml version="1.0" encoding="UTF-8"?>
<robot generator="Robot 5.0.1 (Python 3.10.5 on win32)" generated="20220711 21:37:09.895" rpa="false" schemaversion="3">
<suite id="s1" name="Test" source="c:\qaninja\robot\test.robot">
<test id="s1-t1" name="Deve retornar mensagem de boas vindas" line="6">
<kw name="Welcome" library="app">
<var>${result}</var>
<arg>Guilherme</arg>
<msg timestamp="20220711 21:37:09.927" level="INFO">${result} = Olá Guilherme, bem vindo ao curso básico de Robot Framework!</msg>
<status status="PASS" starttime="20220711 21:37:09.926" endtime="20220711 21:37:09.927"/>
</kw>
<kw name="Should Be Equal" library="BuiltIn">
<arg>${result}</arg>
<arg>Olá Guilherme, bem vindo ao curso básico de Robot Framework!</arg>
<doc>Fails if the given objects are unequal.</doc>
<status status="PASS" starttime="20220711 21:37:09.927" endtime="20220711 21:37:09.928"/>
</kw>
<status status="PASS" starttime="20220711 21:37:09.926" endtime="20220711 21:37:09.928"/>
</test>
<status status="PASS" starttime="20220711 21:37:09.896" endtime="20220711 21:37:09.929"/>
</suite>
<statistics>
<total>
<stat pass="1" fail="0" skip="0">All Tests</stat>
</total>
<tag>
</tag>
<suite>
<stat pass="1" fail="0" skip="0" id="s1" name="Test">Test</stat>
</suite>
</statistics>
<errors>
</errors>
</robot>
